p/1716992666123.jpg 1 0 0 225 225
p/1716992666122.jpg 1 0 0 225 225
p/1716992666121.jpg 1 0 0 225 225
p/1716992666120.jpg 1 0 0 225 225
p/1716992666118.jpg 1 0 0 197 256
p/1716992666117.jpg 1 0 0 225 225
p/1716992666116.jpg 1 0 0 225 225
p/1716992666115.jpg 1 0 0 224 224
p/1716992666113.jpg 1 0 0 240 210
p/1716992666112.jpg 1 0 0 225 225
p/1716992666111.jpg 1 0 0 225 225
p/1716992666110.jpg 1 0 0 225 225
p/1716992666109.jpg 1 0 0 224 225
p/1716992666103.png 1 0 0 197 256
p/1716992666108.jpg 1 0 0 208 242
p/1716992666107.jpg 1 0 0 186 270
p/1716992666106.jpg 1 0 0 175 287
p/1716992666105.jpg 1 0 0 225 225
p/1716992666104.jpg 1 0 0 225 225
p/1716992666101.jpg 1 0 0 190 265
p/1716992666099.jpg 1 0 0 214 235
p/1716992666098.jpg 1 0 0 220 229
p/1716992666096.jpg 1 0 0 183 275
p/1716992666095.jpg 1 0 0 200 252
p/1716992666094.jpg 1 0 0 225 225
p/1716992666093.jpg 1 0 0 183 275
p/1716992666092.jpg 1 0 0 230 219
p/1716992666091.jpg 1 0 0 224 225
p/1716992666090.jpg 1 0 0 225 225
p/1716992666087.jpg 1 0 0 225 225
p/1716992666086.jpg 1 0 0 225 225
p/1716992666085.jpg 1 0 0 225 225
p/1716992666083.jpg 1 0 0 225 225
p/1716992666082.jpg 1 0 0 225 225
p/1716992666080.jpg 1 0 0 225 225
p/1716992666078.jpg 1 0 0 225 225
p/1716992666076.jpg 1 0 0 225 225
p/1716992666075.jpg 1 0 0 225 225
p/1716992666073.jpg 1 0 0 194 259
p/1716992666129.jpg 1 0 0 225 225
p/1716992666128.jpg 1 0 0 225 225
p/1716992666127.jpg 1 0 0 225 225
p/1716992666125.jpg 1 0 0 225 225
p/1716992666124.jpg 1 0 0 194 259
p/1716992666114.jpg 1 0 0 225 225
p/1716992666102.jpg 1 0 0 225 225
p/1716992666088.jpg 1 0 0 225 225
p/1716992666068.jpg 1 0 0 225 225
p/images.jpg 1 0 0 234 215
p/1716992666089.png 1 0 0 225 225
p/1716992666072.png 1 0 0 225 225
p/images.png 1 0 0 225 225
p/1716992666131.png 1 0 0 225 225
p/1716992666133.jpg 1 0 0 225 225
p/1716992666132.jpg 1 0 0 225 225
p/1716992666142.jpg 1 0 0 223 226
p/1716992666141.jpg 1 0 0 225 225
p/1716992666140.jpg 1 0 0 183 275
p/1716992666139.jpg 1 0 0 183 275
p/indir.png 1 0 0 235 215
p/1716992666138.jpg 1 0 0 225 225
p/1716992666137.jpg 1 0 0 225 225
p/1716992666136.jpg 1 0 0 225 225
p/1716992666135.jpg 1 0 0 231 218
p/1716992666130.jpg 1 0 0 224 224
p/indir.jpg 1 0 0 225 225